[17:02:46] [main/INFO]: Loading Minecraft 1.21.1 with Fabric Loader 0.16.14
[17:02:46] [ForkJoinPool-1-worker-2/WARN]: Mod oceansdelight uses the version fdrf-fabric-1.0.2-1.21 which isn't compatible with Loader's extended semantic version format (Could not parse version number component 'fdrf'!), SemVer is recommended for reliably evaluating dependencies and prioritizing newer version
[17:02:46] [ForkJoinPool-1-worker-1/WARN]: The mod "dungeons_arise" contains invalid entries in its mod json:
- Unsupported root entry "credits" at line 12 column 11
[17:02:46] [ForkJoinPool-1-worker-2/WARN]: The mod "takesapillage" contains invalid entries in its mod json:
- Unsupported root entry "mc-publish" at line 51 column 14
[17:02:46] [ForkJoinPool-1-worker-2/WARN]: Mod dontdothat uses the version 1.21-1.21.2_1.3.0 which isn't compatible with Loader's extended semantic version format (Invalid prerelease string '1.21.2_1.3.0'!), SemVer is recommended for reliably evaluating dependencies and prioritizing newer version
[17:02:47] [main/WARN]: Warnings were found!
 - Mod 'Forge Config API Port' (forgeconfigapiport) 21.1.3 recommends any version of modmenu, which is missing!
	 - You should install any version of modmenu for the optimal experience.
[17:02:47] [main/INFO]: Loading 252 mods:
	- accessories 1.1.0-beta.44+1.21.1
	- almanac 1.0.2
	- alternate-current 1.9.0
	- animal_feeding_trough 1.1.2+1.21.1
	- another_furniture 4.0.0
	- antique_atlas 2.11.2+1.21
	- archers 2.4.11+1.21.1
	   \-- com_github_zsoltmolnarrr_tinyconfig 2.3.2
	- architectury 13.0.8
	- arsenal 1.1.2+1.21.1
	   \-- com_github_zsoltmolnarrr_tinyconfig 2.3.2
	- atistructures 1.3.10
	- attributefix 21.1.2
	- audioplayer 1.21.1-1.13.2
	   |-- admiral 0.4.5+1.21
	   |-- fabric-api-base 0.4.42+6573ed8c6a
	   \-- fabric-command-api-v2 2.2.28+6ced4dd96a
	- azurelibarmor 3.0.12
	- balm 21.0.46
	   \-- kuma_api 21.0.5
	- bettercombat 2.2.4+1.21.1
	- betterdungeons 1.21.1-Fabric-5.1.4
	   \-- org_reflections_reflections 0.10.2
	- bettermineshafts 1.21.1-Fabric-5.1.1
	   \-- org_reflections_reflections 0.10.2
	- bettervillage 3.3.1
	- biomeswevegone 2.4.4
	- bookshelf 21.1.67
	- bosses_of_mass_destruction 1.10.2-1.21.1
	   \-- multipart_entities 1.7-1.21
	- bundleapi 1.0.4
	- cardinal-components 6.1.2
	   |-- cardinal-components-base 6.1.2
	   |-- cardinal-components-block 6.1.2
	   |-- cardinal-components-chunk 6.1.2
	   |-- cardinal-components-entity 6.1.2
	   |-- cardinal-components-item 6.1.2
	   |-- cardinal-components-level 6.1.2
	   |-- cardinal-components-scoreboard 6.1.2
	   \-- cardinal-components-world 6.1.2
	- carryon 2.2.2
	- cloth-config 15.0.140
	   \-- cloth-basic-math 0.6.1
	- collective 8.3
	- combat_roll 2.0.4+1.21.1
	- comforts 9.0.4+1.21.1
	   |-- cardinal-components-base 6.1.2
	   |-- cardinal-components-entity 6.1.2
	   \-- spectrelib 0.17.2+1.21
	- corgilib 5.0.0.4
	   |-- com_electronwill_night-config_core 3.8.2
	   \-- com_electronwill_night-config_toml 3.8.2
	- coroutil 1.21.1-1.3.8
	- cratedelight 24.11.22-1.21-fabric
	- creativecore 2.13.5
	   \-- net_neoforged_bus 7.2.0
	- creeperoverhaul 4.0.6
	   \-- com_teamresourceful_resourceful-cosmetics-4j 1.0.3
	- crittersandcompanions 1.21.1-2.3.0
	   |-- porting_lib_attributes 3.1.0-beta.54+1.21.1
	   |    |-- mixinextras 0.5.0-rc.2
	   |    |-- mm 2.3
	   |    |-- porting_lib_asm 3.1.0-beta.54+1.21.1
	   |    |-- porting_lib_core 3.1.0-beta.54+1.21.1
	   |    \-- porting_lib_gametest 3.1.0-beta.54+1.21.1
	   \-- porting_lib_entity 3.1.0-beta.54+1.21.1
	        |-- mixinextras 0.5.0-rc.2
	        |-- porting_lib_core 3.1.0-beta.54+1.21.1
	        |-- porting_lib_gametest 3.1.0-beta.54+1.21.1
	        \-- porting_lib_mixin_extensions 3.1.0-beta.54+1.21.1
	- dungeon_difficulty 3.3.5+1.21.1
	   \-- com_github_zsoltmolnarrr_tinyconfig 2.3.2
	- dungeons_arise 2.1.64
	- dungeons_arise_seven_seas 1.0.3
	- entityculling 1.8.1
	   |-- transition 1.0.3
	   \-- trender 1.0.5
	- fabric-api 0.116.4+1.21.1
	   |-- fabric-api-lookup-api-v1 1.6.71+b559734419
	   |-- fabric-biome-api-v1 13.0.31+d527f9fd19
	   |-- fabric-block-api-v1 1.1.0+0bc3503219
	   |-- fabric-block-view-api-v2 1.0.11+ebb2264e19
	   |-- fabric-blockrenderlayer-v1 1.1.52+0af3f5a719
	   |-- fabric-client-tags-api-v1 1.1.15+6573ed8c19
	   |-- fabric-command-api-v1 1.2.49+f71b366f19
	   |-- fabric-commands-v0 0.2.66+df3654b319
	   |-- fabric-content-registries-v0 8.0.19+b559734419
	   |-- fabric-convention-tags-v1 2.1.5+7f945d5b19
	   |-- fabric-convention-tags-v2 2.11.1+a406e79519
	   |-- fabric-crash-report-info-v1 0.2.29+0af3f5a719
	   |-- fabric-data-attachment-api-v1 1.4.5+6116a37819
	   |-- fabric-data-generation-api-v1 20.2.32+5b9dea2e19
	   |-- fabric-dimensions-v1 4.0.0+6fc22b9919
	   |-- fabric-entity-events-v1 1.8.0+2b27e0a419
	   |-- fabric-events-interaction-v0 0.7.13+ba9dae0619
	   |-- fabric-game-rule-api-v1 1.0.53+6ced4dd919
	   |-- fabric-item-api-v1 11.1.1+d5debaed19
	   |-- fabric-item-group-api-v1 4.1.7+def88e3a19
	   |-- fabric-key-binding-api-v1 1.0.47+0af3f5a719
	   |-- fabric-keybindings-v0 0.2.45+df3654b319
	   |-- fabric-lifecycle-events-v1 2.6.0+0865547519
	   |-- fabric-loot-api-v2 3.0.15+3f89f5a519
	   |-- fabric-loot-api-v3 1.0.3+3f89f5a519
	   |-- fabric-message-api-v1 6.0.14+8aaf3aca19
	   |-- fabric-model-loading-api-v1 2.0.0+fe474d6b19
	   |-- fabric-networking-api-v1 4.3.0+c7469b2119
	   |-- fabric-object-builder-api-v1 15.2.1+40875a9319
	   |-- fabric-particles-v1 4.0.2+6573ed8c19
	   |-- fabric-recipe-api-v1 5.0.14+248df81c19
	   |-- fabric-registry-sync-v0 5.3.1+e3eddc2119
	   |-- fabric-renderer-api-v1 3.4.0+c705a49c19
	   |-- fabric-renderer-indigo 1.7.0+c705a49c19
	   |-- fabric-renderer-registries-v1 3.2.69+df3654b319
	   |-- fabric-rendering-data-attachment-v1 0.3.49+73761d2e19
	   |-- fabric-rendering-fluids-v1 3.1.6+1daea21519
	   |-- fabric-rendering-v0 1.1.72+df3654b319
	   |-- fabric-rendering-v1 5.1.0+ab4c25a019
	   |-- fabric-resource-conditions-api-v1 4.3.0+8dc279b119
	   |-- fabric-resource-loader-v0 1.3.1+5b5275af19
	   |-- fabric-screen-api-v1 2.0.25+8b68f1c719
	   |-- fabric-screen-handler-api-v1 1.3.90+b559734419
	   |-- fabric-sound-api-v1 1.0.23+6573ed8c19
	   |-- fabric-transfer-api-v1 5.4.3+c24bd99419
	   \-- fabric-transitive-access-wideners-v1 6.2.0+45b9699719
	- fabric-language-kotlin 1.13.4+kotlin.2.2.0
	   |-- org_jetbrains_kotlin_kotlin-reflect 2.2.0
	   |-- org_jetbrains_kotlin_kotlin-stdlib 2.2.0
	   |-- org_jetbrains_kotlin_kotlin-stdlib-jdk7 2.2.0
	   |-- org_jetbrains_kotlin_kotlin-stdlib-jdk8 2.2.0
	   |-- org_jetbrains_kotlinx_atomicfu-jvm 0.28.0
	   |-- org_jetbrains_kotlinx_kotlinx-coroutines-core-jvm 1.10.2
	   |-- org_jetbrains_kotlinx_kotlinx-coroutines-jdk8 1.10.2
	   |-- org_jetbrains_kotlinx_kotlinx-datetime-jvm 0.6.2
	   |-- org_jetbrains_kotlinx_kotlinx-io-bytestring-jvm 0.7.0
	   |-- org_jetbrains_kotlinx_kotlinx-io-core-jvm 0.7.0
	   |-- org_jetbrains_kotlinx_kotlinx-serialization-cbor-jvm 1.8.1
	   |-- org_jetbrains_kotlinx_kotlinx-serialization-core-jvm 1.8.1
	   \-- org_jetbrains_kotlinx_kotlinx-serialization-json-jvm 1.8.1
	- fabricloader 0.16.14
	- farmersdelight 1.21.1-3.1.2+refabricated
	   \-- mm 2.3
	- ferritecore 7.0.2-hotfix
	- fishingrodfix 1.21-0.3
	- forgeconfigapiport 21.1.3
	- fzzy_config 0.7.0+1.21
	   |-- blue_endless_jankson 1.2.3
	   |-- fabric-permissions-api-v0 0.3.1
	   \-- net_peanuuutz_tomlkt_tomlkt-jvm 0.3.7
	- geckolib 4.7.6
	- horseshoes 1.3.2
	- immersivelanterns 1.0.6
	- incendium 5.4.3
	- jamlib 1.3.5+1.21.1
	   \-- blue_endless_jankson 1.2.3
	- java 21
	- jei 19.22.0.315
	- jewelry 2.0.10+1.21.1
	   \-- com_github_zsoltmolnarrr_tinyconfig 2.3.2
	- letmedespawn 1.5.0
	- libraryferret 4.0.0
	- lolmblv 1.7.9
	- lolmcbv 1.7.3
	- lolmcgt 1.8.1
	- lolmcmv 1.8.1
	- lolmcmv-aft 1.0.4
	- lolmct 1.2.8
	- lolmft 1.8.2
	- lolmlmv 1.2.1
	- lolmlv 1.8.4
	- lootr 1.21-1.10.35.91
	- minecraft 1.21.1
	- modernfix 5.24.1+mc1.21.1
	- moredelight 25.3.27-1.21-fabric
	- mr_dungeons_andtaverns 1-v4.4.4
	- mru 1.0.17+1.21.1+fabric
	   \-- org_commonmark_commonmark 0.21.0
	- mstv-base 1.4.6
	- mstv-masv 1.3.3
	- mstv-mtoolv 1.1.2
	- mstv-mweaponv 1.3.10
	- musketmod 1.5.4
	- mynethersdelight 1.21.1-2.0.3+1.7.8.refabricated
	- oceansdelight fdrf-fabric-1.0.2-1.21
	- octolib 0.5.0.1
	   \-- org_yaml_snakeyaml 2.2
	- ohthetreesyoullgrow 5.0.14
	- owo 0.12.15.4+1.21
	   |-- io_wispforest_endec 0.1.5.1
	   |-- io_wispforest_endec_gson 0.1.3.1
	   |-- io_wispforest_endec_jankson 0.1.3.1
	   \-- io_wispforest_endec_netty 0.1.2
	- paladins 2.4.14+1.21.1
	   \-- com_github_zsoltmolnarrr_tinyconfig 2.3.2
	- pineapple_delight 1.0.4-1.21.1-Fabric
	- placeholder-api 2.4.2+1.21
	- platform 1.2.10.2
	- playeranimator 2.0.1+1.21.1
	- plushie_buddies 0.1.6-1.21.1
	   \-- midnightlib 1.6.9
	- prickle 21.1.8
	- quad 1.2.9
	- quad-lolmbdv 2.0.2
	- quad-lolmbhv 1.2.1
	- quad-lolmcrv 1.0.0
	- quad-lolmjnv 1.2.0
	- quad-lolmsmv 1.3.3
	- ranged_weapon_api 2.1.1+1.21.1
	- relics_rpgs 1.0.6+1.21.1
	   \-- com_github_zsoltmolnarrr_tinyconfig 2.3.2
	- resourcefulconfig 3.0.11
	- resourcefullib 3.0.12
	   |-- com_teamresourceful_bytecodecs 1.1.2
	   \-- com_teamresourceful_yabn 1.0.3
	- revive 1.0.7
	- ribbits 1.21.1-Fabric-4.1.2
	   \-- org_reflections_reflections 0.10.2
	- rightclickharvest 4.5.3+1.21.1
	- rogues 2.4.10+1.21.1
	   \-- com_github_zsoltmolnarrr_tinyconfig 2.3.2
	- rottencreatures 1.1.2
	- runes 1.1.3+1.21.1
	- rusticdelight 1.4.1
	- seeddelight 0.1
	- shield_api 2.0.2+1.21.1
	- sittingplus 2.0.6
	- skinrestorer 2.4.2+1.21-fabric
	   \-- org_mineskin_java-client 3.0.6-SNAPSHOT
	- sophisticatedbackpacks 1.21.1-3.23.4.2.103
	- sophisticatedcore 1.21.1-1.2.9.14.154
	   |-- porting_lib_conditions 3.1.0-beta.47+1.21.1
	   |-- porting_lib_fluids 3.1.0-beta.47+1.21.1
	   |-- porting_lib_item_abilities 3.1.0-beta.47+1.21.1
	   |-- porting_lib_lazy_registration 3.1.0-beta.47+1.21.1
	   |-- porting_lib_level_events 3.1.0-beta.47+1.21.1
	   |-- porting_lib_loot 3.1.0-beta.47+1.21.1
	   |-- porting_lib_model_loader 3.1.0-beta.47+1.21.1
	   |-- porting_lib_render_types 3.1.0-beta.47+1.21.1
	   |-- porting_lib_transfer 3.1.0-beta.47+1.21.1
	   \-- team_reborn_energy 4.1.0
	- spell_engine 1.6.12+1.21.1
	   \-- com_github_zsoltmolnarrr_tinyconfig 2.3.2
	- spell_power 1.3.0+1.21.1
	   \-- com_github_zsoltmolnarrr_tinyconfig 2.3.2
	- stackedblocks 25.2.13-1.21-fabric
	- stackedblocksfarmersdelight 25.2.13-1.21-fabric
	- stackrefill 4.9
	- storagedelight 25.6.24-1.21-fabric
	- structure_pool_api 1.1.3+1.21.1
	- surveyor 0.6.26+1.21
	   \-- folk_sisby_kaleido-config 0.3.1+1.3.2
	- takesapillage 1.0.9
	- tclayer 3.10.0+beta.28
	- terrablender 4.1.0.8
	- trailandtales_delight 1.3
	- trashslot 21.1.4
	- txnilib 1.0.24
	- undeadnights 1.2.3-Fabric-mc1.21
	- vanilla_claws 1.2
	- vcinteraction 1.21.1-1.0.8
	   |-- fabric-api-base 0.4.42+6573ed8c6a
	   \-- polymer-registry-sync-manipulator 0.9.9+1.21
	- voicechat 1.21.1-2.5.30
	   \-- fabric-key-binding-api-v1 1.0.47+0af3f5a76a
	- watut 1.21.0-1.2.7
	- waystones 21.1.19
	- weaponmaster_ydm 4.2.3
	- wizards 2.4.12+1.21.1
	   \-- com_github_zsoltmolnarrr_tinyconfig 2.3.2
	- yet_another_config_lib_v3 3.7.1+1.21.1-fabric
	   |-- com_twelvemonkeys_common_common-image 3.12.0
	   |-- com_twelvemonkeys_common_common-io 3.12.0
	   |-- com_twelvemonkeys_common_common-lang 3.12.0
	   |-- com_twelvemonkeys_imageio_imageio-core 3.12.0
	   |-- com_twelvemonkeys_imageio_imageio-metadata 3.12.0
	   |-- com_twelvemonkeys_imageio_imageio-webp 3.12.0
	   |-- org_quiltmc_parsers_gson 0.2.1
	   \-- org_quiltmc_parsers_json 0.2.1
	- yigd 2.4.18
	   |-- fabric-permissions-api-v0 0.3.1
	   \-- libgui 11.1.0+1.21
	        |-- jankson 8.0.0+j1.2.3
	        |    \-- blue_endless_jankson 1.2.3
	        \-- libninepatch 1.2.0
	- yungsapi 1.21.1-Fabric-5.1.6
	   |-- org_javassist_javassist 3.29.2-GA
	   \-- org_reflections_reflections 0.10.2
	- zombieawareness 1.21.0-1.13.2
[17:02:47] [main/WARN]: Found 1 non-fabric mod:
	- accessories_cclayer-9.3.1-beta.27+1.21.1-neoforge.jar
[17:02:48] [main/INFO]: SpongePowered MIXIN Subsystem Version=0.8.7 Source=file:/workspaces/paraside/servidor_minecraft/libraries/net/fabricmc/sponge-mixin/0.15.5+mixin.0.8.7/sponge-mixin-0.15.5+mixin.0.8.7.jar Service=Knot/Fabric Env=SERVER
[17:02:48] [main/INFO]: Compatibility level set to JAVA_17
[17:02:48] [main/INFO]: Compatibility level set to JAVA_21
[17:02:49] [main/WARN]: Reference map 'coroutil.refmap.json' for coroutil_fabric.mixins.json could not be read. If this is a development environment you can ignore this message
[17:02:49] [main/WARN]: Reference map 'forgeconfigapiport.common.refmap.json' for forgeconfigapiport.common.mixins.json could not be read. If this is a development environment you can ignore this message
[17:02:49] [main/INFO]: Loaded configuration file for ModernFix 5.24.1+mc1.21.1: 64 options available, 0 override(s) found
[17:02:49] [main/INFO]: Applying Nashorn fix
[17:02:49] [main/INFO]: mToolV loaded
[17:02:49] [main/WARN]: Reference map 'OctoLib-COMMON-common-refmap.json' for octolib-common.mixins.json could not be read. If this is a development environment you can ignore this message
[17:02:49] [main/WARN]: Reference map 'prickle.refmap.json' for prickle.mixins.json could not be read. If this is a development environment you can ignore this message
[17:02:49] [main/WARN]: Reference map 'prickle.refmap.json' for prickle.fabric.mixins.json could not be read. If this is a development environment you can ignore this message
[17:02:49] [main/WARN]: Reference map 'trashslot.refmap.json' for trashslot.mixins.json could not be read. If this is a development environment you can ignore this message
[17:02:49] [main/WARN]: Reference map 'trashslot.refmap.json' for trashslot.fabric.mixins.json could not be read. If this is a development environment you can ignore this message
[17:02:49] [main/WARN]: Reference map 'yet_another_config_lib_v3.refmap.json' for yacl.mixins.json could not be read. If this is a development environment you can ignore this message
[17:02:49] [main/WARN]: Reference map 'yet_another_config_lib_v3.refmap.json' for yacl-fabric.mixins.json could not be read. If this is a development environment you can ignore this message
[17:02:49] [main/WARN]: Error loading class: net/minecraft/class_906 (java.lang.ClassNotFoundException: net/minecraft/class_906)
[17:02:49] [main/WARN]: @Mixin target net.minecraft.class_906 was not found porting_lib_item_abilities.mixins.json:FishingHookRendererMixin from mod porting_lib_item_abilities
[17:02:50] [main/WARN]: Error loading class: net/minecraft/class_287 (java.lang.ClassNotFoundException: net/minecraft/class_287)
[17:02:50] [main/WARN]: @Mixin target net.minecraft.class_287 was not found owo.mixins.json:BufferBuilderAccessor from mod owo
[17:02:50] [main/WARN]: Error loading class: net/minecraft/class_437 (java.lang.ClassNotFoundException: net/minecraft/class_437)
[17:02:50] [main/WARN]: @Mixin target net.minecraft.class_437 was not found owo.mixins.json:ScreenAccessor from mod owo
[17:02:50] [main/WARN]: Error loading class: xyz/nucleoid/server/translations/impl/language/SystemDelegatedLanguage (java.lang.ClassNotFoundException: xyz/nucleoid/server/translations/impl/language/SystemDelegatedLanguage)
[17:02:50] [main/WARN]: Error loading class: net/minecraft/class_638 (java.lang.ClassNotFoundException: net/minecraft/class_638)
[17:02:50] [main/WARN]: @Mixin target net.minecraft.class_638 was not found porting_lib_level_events.mixins.json:client.ClientLevelMixin from mod porting_lib_level_events
[17:02:50] [main/WARN]: Error loading class: net/minecraft/class_1132 (java.lang.ClassNotFoundException: net/minecraft/class_1132)
[17:02:50] [main/WARN]: @Mixin target net.minecraft.class_1132 was not found zombieawareness.mixins_fabric.json:MixinIntegratedServer from mod zombieawareness
[17:02:51] [main/INFO]: Initializing MixinExtras via com.llamalad7.mixinextras.service.MixinExtrasServiceImpl(version=0.5.0-rc.2).
[17:02:53] [main/WARN]: @Inject(@At("INVOKE")) Shift.BY=1 on crittersandcompanions.mixins.json:LivingEntityMixin from mod crittersandcompanions::handler$zpl000$crittersandcompanions$onDie exceeds the maximum allowed value: 0. Increase the value of maxShiftBy to suppress this warning.
[17:02:55] [main/WARN]: Static binding violation: PRIVATE @Overwrite method method_21740 in modernfix-common.mixins.json:perf.remove_biome_temperature_cache.BiomeMixin from mod modernfix cannot reduce visibiliy of PUBLIC target method, visibility will be upgraded.
[17:02:56] [main/WARN]: Method overwrite conflict for scheduleRandomTick in ohthetreesyoullgrow.mixins.json:chunk.MixinChunkAccess from mod ohthetreesyoullgrow, previously written by corgitaco.corgilib.mixin.chunk.MixinChunkAccess. Skipping method.
[17:02:56] [main/WARN]: Method overwrite conflict for getScheduledRandomTicks in ohthetreesyoullgrow.mixins.json:chunk.MixinChunkAccess from mod ohthetreesyoullgrow, previously written by corgitaco.corgilib.mixin.chunk.MixinChunkAccess. Skipping method.
[17:02:58] [main/INFO]: Vanilla bootstrap took 6762 milliseconds
[17:02:59] [main/INFO]: Registered Trinkets Reloaded Listeners
[17:02:59] [main/INFO]: [Animal Feeding Trough] Load Complete! Enjoy :D
[17:02:59] [main/INFO]: Reflections took 45 ms to scan 1 urls, producing 1 keys and 3 values
[17:02:59] [main/INFO]: Reflections took 3 ms to scan 1 urls, producing 1 keys and 3 values
[17:02:59] [main/INFO]: Reflections took 1 ms to scan 1 urls, producing 1 keys and 2 values
[17:02:59] [main/INFO]: Reflections took 1 ms to scan 1 urls, producing 1 keys and 2 values
[17:03:00] [main/INFO]: Initializing network...
[17:03:00] [main/INFO]: Initialized network!
[17:03:00] [main/INFO]: Registering Oh The Biomes We've Gone data components
[17:03:00] [main/ERROR]: No data fixer registered for man_o_war
[17:03:00] [main/ERROR]: No data fixer registered for pumpkin_warden
[17:03:00] [main/ERROR]: No data fixer registered for oddion
[17:03:00] [main/ERROR]: No data fixer registered for wreath
[17:03:00] [main/INFO]: Registering Oh The Biomes We've Gone items
[17:03:00] [main/INFO]: Registering Oh The Biomes We've Gone Blocks
[17:03:00] [main/INFO]: Registering Oh The Biomes We've Gone Wood
[17:03:00] [main/ERROR]: No data fixer registered for biomeswevegone:sign
[17:03:00] [main/ERROR]: No data fixer registered for biomeswevegone:hanging_sign
[17:03:00] [main/ERROR]: No data fixer registered for biomeswevegone:pumpkin_burrow
[17:03:00] [main/INFO]: Registering Oh The Biomes We've Gone Block Entities
[17:03:00] [main/INFO]: Registering Oh The Biomes We've Gone Entities
[17:03:00] [main/INFO]: Registering Oh The Biomes We've Gone Creative Tabs
[17:03:00] [main/INFO]: Registering Oh The Biomes We've Gone Sounds
[17:03:00] [main/INFO]: Registering Oh The Biomes We've Gone Block Predicate
[17:03:00] [main/INFO]: Registering Oh The Biomes We've Gone State Providers
[17:03:00] [main/INFO]: Registering Oh The Biomes We've Gone Tree Decorators
[17:03:00] [main/INFO]: Registering Oh The Biomes We've Gone Custom Features
[17:03:00] [main/INFO]: Registering Oh The Biomes We've Gone Structure Pieces
[17:03:00] [main/INFO]: Registering Oh The Biomes We've Gone Custom Structure Types
[17:03:00] [main/INFO]: Registering Oh The Biomes We've Gone Configured Features
[17:03:00] [main/INFO]: Creating and Registering Overworld Vegetation Configured Features
[17:03:00] [main/INFO]: Registering Oh The Biomes We've Gone Tree Configured Features
[17:03:00] [main/INFO]: Creating and Registering Vanilla Configured Features
[17:03:00] [main/INFO]: Registering Oh The Biomes You'll Go Overworld Configured Features
[17:03:00] [main/INFO]: Registering Oh The Biomes We've Gone Placed Features
[17:03:00] [main/INFO]: Creating and Registering Overworld Tree Placed Features
[17:03:00] [main/INFO]: Creating and Registering Overworld Vegetation Placed Features
[17:03:00] [main/INFO]: Creating and Registering Vanilla Placed Features
[17:03:00] [main/INFO]: Registering Oh The Biomes We've Gone Custom Surface Rules
[17:03:00] [main/INFO]: Registering Oh The Biomes We've Gone Template Pools
[17:03:00] [main/INFO]: Registering Oh The Biome's We've Gone Village Template Pools
[17:03:00] [main/INFO]: Registering Oh The Biomes We've Gone Poi Types
[17:03:00] [main/INFO]: Registering Oh The Biomes We've Gone Villager Professions
[17:03:00] [main/INFO]: Registering Oh The Biomes We've Gone Custom Structure Processors
[17:03:00] [main/INFO]: Registering Oh The Biomes We've Gone villager types
[17:03:00] [main/INFO]: Registering Oh The Biomes We've Gone Schedules
[17:03:00] [main/INFO]: Registering Oh The Biomes We've Gone Memory Module Types
[17:03:00] [main/INFO]: Registering Oh The Biomes We've Gone Sensor Types
[17:03:00] [main/INFO]: Registering Oh The Biomes We've Gone Map Decoration Types
[17:03:00] [main/INFO]: Registering Oh The Biomes We've Gone Entity SubPredicates
[17:03:00] [main/INFO]: Creating and Registering BWG Biome Modifiers for Vanilla Biomes
[17:03:01] [main/INFO]: Customized Bundles!
[17:03:01] [main/INFO]: Loading Collective version 8.3.
[17:03:01] [main/INFO]: fabric loader environment detected
[17:03:01] [main/INFO]: Registering Item Groups for cratedelight
[17:03:01] [main/INFO]: Registering ModBLocks for cratedelight
[17:03:02] [main/ERROR]: No data fixer registered for jungle_creeper
[17:03:02] [main/ERROR]: No data fixer registered for bamboo_creeper
[17:03:02] [main/ERROR]: No data fixer registered for desert_creeper
[17:03:02] [main/ERROR]: No data fixer registered for badlands_creeper
[17:03:02] [main/ERROR]: No data fixer registered for hills_creeper
[17:03:02] [main/ERROR]: No data fixer registered for savannah_creeper
[17:03:02] [main/ERROR]: No data fixer registered for mushroom_creeper
[17:03:02] [main/ERROR]: No data fixer registered for swamp_creeper
[17:03:02] [main/ERROR]: No data fixer registered for dripstone_creeper
[17:03:02] [main/ERROR]: No data fixer registered for cave_creeper
[17:03:02] [main/ERROR]: No data fixer registered for dark_oak_creeper
[17:03:02] [main/ERROR]: No data fixer registered for spruce_creeper
[17:03:02] [main/ERROR]: No data fixer registered for beach_creeper
[17:03:02] [main/ERROR]: No data fixer registered for snowy_creeper
[17:03:02] [main/ERROR]: No data fixer registered for ocean_creeper
[17:03:02] [main/ERROR]: No data fixer registered for birch_creeper
[17:03:02] [main/ERROR]: No data fixer registered for dragonfly
[17:03:02] [main/ERROR]: No data fixer registered for dumbo_octopus
[17:03:02] [main/ERROR]: No data fixer registered for ferret
[17:03:02] [main/ERROR]: No data fixer registered for jumping_spider
[17:03:02] [main/ERROR]: No data fixer registered for koi_fish
[17:03:02] [main/ERROR]: No data fixer registered for leaf_insect
[17:03:02] [main/ERROR]: No data fixer registered for otter
[17:03:02] [main/ERROR]: No data fixer registered for red_panda
[17:03:02] [main/ERROR]: No data fixer registered for sea_bunny
[17:03:02] [main/ERROR]: No data fixer registered for shima_enaga
[17:03:02] [main/INFO]: YAaargh!
[17:03:02] [main/INFO]: Loaded config farmersdelight-common.json
[17:03:03] [main/INFO]: Initializing JamLib on Fabric
[17:03:03] [main/INFO]: Initialize mod Library Ferret
[17:03:03] [main/INFO]: Initialized mod Library Ferret
[17:03:03] [main/INFO]: MCMV-AFT:"AFT loaded."
[17:03:03] [main/INFO]: Definitely not up to no good
[17:03:03] [main/INFO]: Configuration has been loaded
[17:03:03] [main/ERROR]: No data fixer registered for bullet
[17:03:03] [main/INFO]: Registering Items for oceansdelight
[17:03:03] [main/INFO]: Registering Blocks for oceansdelight
[17:03:03] [main/INFO]: Registering tabs for oceansdelight
[17:03:03] [main/INFO]: Its called Unobtainium until you obtain it, thats the thing
[17:03:03] [main/INFO]: Registering Item Groups for plushie_buddies
[17:03:03] [main/INFO]: Registering Mod Items for plushie_buddies
[17:03:03] [main/INFO]: Registering ModBlocks for plushie_buddies
[17:03:03] [main/INFO]: Registering Sounds for plushie_buddies
[17:03:03] [main/INFO]: [Quad] Initialising the Quad mod power! >:P
[17:03:03] [main/INFO]: [Quad] loaded default fuel values
[17:03:03] [main/INFO]: [Quad] loaded quad fuel tags
[17:03:03] [main/INFO]: MCRV:"MCT loaded."
[17:03:03] [main/INFO]: Reflections took 14 ms to scan 1 urls, producing 6 keys and 40 values
[17:03:03] [main/INFO]: Reflections took 13 ms to scan 1 urls, producing 6 keys and 40 values
[17:03:03] [main/INFO]: Registering Ribbit instruments...
[17:03:03] [main/INFO]: Registering Ribbit umbrella types...
[17:03:03] [main/INFO]: Registering Ribbit professions...
[17:03:03] [main/INFO]: Updated config file at /workspaces/paraside/servidor_minecraft/config/rightclickharvest.json5
[17:03:03] [main/INFO]: Initializing Right Click Harvest on FABRIC
[17:03:04] [main/ERROR]: No data fixer registered for burned
[17:03:04] [main/ERROR]: No data fixer registered for frostbitten
[17:03:04] [main/ERROR]: No data fixer registered for swampy
[17:03:04] [main/ERROR]: No data fixer registered for undead_miner
[17:03:04] [main/ERROR]: No data fixer registered for mummy
[17:03:04] [main/ERROR]: No data fixer registered for glacial_hunter
[17:03:04] [main/ERROR]: No data fixer registered for hunter_wolf
[17:03:04] [main/ERROR]: No data fixer registered for scarab
[17:03:04] [main/ERROR]: No data fixer registered for dead_beard
[17:03:04] [main/ERROR]: No data fixer registered for zombie_lackey
[17:03:04] [main/ERROR]: No data fixer registered for skeleton_lackey
[17:03:04] [main/ERROR]: No data fixer registered for immortal
[17:03:04] [main/ERROR]: No data fixer registered for zap
[17:03:04] [main/ERROR]: No data fixer registered for primed_tnt_barrel
[17:03:04] [main/INFO]: Registering items for rusticdelight
[17:03:04] [main/INFO]: Registering blocks for rusticdelight
[17:03:04] [main/INFO]: Registering potions for rusticdelight
[17:03:04] [main/INFO]: Registering biome modifications for rusticdelight
[17:03:04] [main/INFO]: Registering item group for rusticdelight
[17:03:04] [main/INFO]: Shield API initialized!
[17:03:04] [main/ERROR]: No data fixer registered for 
[17:03:04] [main/INFO]: Registering Item Groups for stackedblocks
[17:03:04] [main/INFO]: Registering mod blocks for stackedblocks
[17:03:04] [main/INFO]: Registering Item Groups for stackedblocksfarmersdelight
[17:03:04] [main/INFO]: Registering mod blocks for stackedblocksfarmersdelight
[17:03:04] [main/INFO]: Registering furniture fuels for storagedelight
[17:03:04] [main/INFO]: [Surveyor] is not a map mod
[17:03:04] [main/INFO]: Deserializing ItTakesPillageConfig from 'config/takesapillage.json'
[17:03:04] [main/INFO]: Registered region minecraft:overworld to index 0 for type OVERWORLD
[17:03:04] [main/INFO]: Registered region minecraft:nether to index 0 for type NETHER
[17:03:04] [main/INFO]: Registered region biomeswevegone:region_0 to index 1 for type OVERWORLD
[17:03:04] [main/INFO]: Registered region biomeswevegone:region_1 to index 2 for type OVERWORLD
[17:03:04] [main/INFO]: Registered region biomeswevegone:region_2 to index 3 for type OVERWORLD
[17:03:04] [main/INFO]: [STDOUT]: TxniLib onInitialize!
[17:03:04] [main/INFO]: Initializing Undead Nights Mod
[17:03:04] [main/INFO]: Loading undeadnights horde mobs config
[17:03:04] [main/INFO]: Default horde mob undeadnights:horde_zombie was read from config.
[17:03:04] [main/INFO]: Horde mob undeadnights:elite_zombie with chance 3% was read from config.
[17:03:04] [main/INFO]: Horde mob undeadnights:demolition_zombie with chance 6% was read from config.
[17:03:04] [main/ERROR]: No data fixer registered for undeadnights:horde_zombie
[17:03:04] [main/ERROR]: No data fixer registered for undeadnights:demolition_zombie
[17:03:04] [main/ERROR]: No data fixer registered for undeadnights:elite_zombie
[17:03:04] [main/ERROR]: No data fixer registered for undeadnights:tnt_projectile
[17:03:04] [main/INFO]: Registering Mod Items for undeadnights
[17:03:04] [main/INFO]: Registering Sounds for undeadnights
[17:03:05] [main/INFO]: [voicechat] Compatibility version 18
[17:03:05] [main/INFO]: [voicechat] Loading plugins
[17:03:05] [main/INFO]: [voicechat] Loaded 2 plugin(s)
[17:03:05] [main/INFO]: [voicechat] Initializing plugins
[17:03:05] [main/INFO]: [voicechat] Initialized 2 plugin(s)
[17:03:05] [main/INFO]: [voicechat] Registering events for 'audioplayer'
[17:03:05] [main/INFO]: [voicechat] Registering events for 'vcinteraction'
[17:03:05] [main/INFO]: [STDOUT]: Initialize WeaponMaster
[17:03:05] [main/INFO]: Reflections took 2 ms to scan 1 urls, producing 1 keys and 3 values
[17:03:05] [main/INFO]: Reflections took 1 ms to scan 1 urls, producing 1 keys and 3 values
[17:03:05] [main/ERROR]: No data fixer registered for zombieawareness:scent
[17:03:05] [main/INFO]: Environment: Environment[sessionHost=https://sessionserver.mojang.com, servicesHost=https://api.minecraftservices.com, name=PROD]
[17:03:06] [main/INFO]: StructureSet modified for minecraft:village : Now using custom village configuration (can be disabled in the better villages config: boolean.villages.enabled_custom_config).
[17:03:07] [Worker-Main-3/ERROR]: Couldn't parse element minecraft:loot_table/trailandtales_delight:blocks/lantern_fruits - Failed to parse either. First: Not a string: false; Second: Not a JSON object: false missed input: {"ropelogged":false}
[17:03:07] [Worker-Main-3/ERROR]: Couldn't parse element minecraft:loot_table/trailandtales_delight:blocks/pottery_cooking_pot - Failed to parse either. First: Unknown registry key in ResourceKey[minecraft:root / minecraft:loot_function_type]: farmersdelight:copy_meal; Second: Not a json array: {"function":"farmersdelight:copy_meal"}
[17:03:08] [Worker-Main-3/WARN]: Found loot table element validation problem in {minecraft:loot_table/pineapple_delight:blocks/pineapple_wild_crop}.pools[0].entries[0]: Unreachable entry!
[17:03:08] [Worker-Main-3/WARN]: Adding Entries to [TagKey[minecraft:item / tclayer:all_trinket_items]]: 
     [#relics_rpgs:all (from relics_rpgs), sophisticatedbackpacks:backpack (from sophisticatedbackpacks), sophisticatedbackpacks:copper_backpack (from sophisticatedbackpacks), sophisticatedbackpacks:iron_backpack (from sophisticatedbackpacks), sophisticatedbackpacks:gold_backpack (from sophisticatedbackpacks), sophisticatedbackpacks:diamond_backpack (from sophisticatedbackpacks), sophisticatedbackpacks:netherite_backpack (from sophisticatedbackpacks), #archers:quivers (from archers), #runes:pouches (from runes), #archers:quivers (from archers), #runes:pouches (from runes), crittersandcompanions:pearl_necklace_1 (from crittersandcompanions), crittersandcompanions:pearl_necklace_2 (from crittersandcompanions), crittersandcompanions:pearl_necklace_3 (from crittersandcompanions), #jewelry:necklaces (from jewelry), #relics_rpgs:all (from relics_rpgs), spell_engine:scroll (from spell_engine), #spell_engine:spell_books (from spell_engine), spell_engine:scroll (from spell_engine), #jewelry:rings (from jewelry), #jewelry:rings (from jewelry)]
[17:03:08] [Worker-Main-3/WARN]: Adding Entries from [trinkets:charm/trinket] to [accessories:trinket_group_charm-trinket]: 
     [#relics_rpgs:all (from relics_rpgs)]
[17:03:08] [Worker-Main-3/WARN]: Adding Entries from [accessories:belt] to [trinkets:legs/belt]: 
     [minecraft:lantern (from immersivelanterns), minecraft:soul_lantern (from immersivelanterns)]
[17:03:08] [Worker-Main-3/WARN]: Adding Entries from [trinkets:offhand/ring] to [accessories:ring]: 
     [#jewelry:rings (from jewelry)]
[17:03:08] [Worker-Main-3/WARN]: Adding Entries from [trinkets:spell/quiver] to [accessories:trinket_group_spell-quiver]: 
     [#archers:quivers (from archers), #runes:pouches (from runes)]
[17:03:08] [Worker-Main-3/WARN]: Adding Entries from [trinkets:spell/scroll] to [accessories:trinket_group_spell-scroll]: 
     [spell_engine:scroll (from spell_engine)]
[17:03:08] [Worker-Main-3/WARN]: Adding Entries from [trinkets:spell/trinket] to [accessories:trinket_group_spell-trinket]: 
     [#relics_rpgs:all (from relics_rpgs)]
[17:03:08] [Worker-Main-3/WARN]: Adding Entries from [trinkets:spell/book] to [accessories:trinket_group_spell-book]: 
     [#spell_engine:spell_books (from spell_engine), spell_engine:scroll (from spell_engine)]
[17:03:08] [Worker-Main-3/WARN]: Adding Entries from [trinkets:misc/quiver] to [accessories:trinket_group_misc-quiver]: 
     [#archers:quivers (from archers), #runes:pouches (from runes)]
[17:03:08] [Worker-Main-3/WARN]: Adding Entries from [trinkets:chest/back] to [accessories:back]: 
     [sophisticatedbackpacks:backpack (from sophisticatedbackpacks), sophisticatedbackpacks:copper_backpack (from sophisticatedbackpacks), sophisticatedbackpacks:iron_backpack (from sophisticatedbackpacks), sophisticatedbackpacks:gold_backpack (from sophisticatedbackpacks), sophisticatedbackpacks:diamond_backpack (from sophisticatedbackpacks), sophisticatedbackpacks:netherite_backpack (from sophisticatedbackpacks)]
[17:03:08] [Worker-Main-3/WARN]: Adding Entries from [trinkets:chest/necklace] to [accessories:necklace]: 
     [crittersandcompanions:pearl_necklace_1 (from crittersandcompanions), crittersandcompanions:pearl_necklace_2 (from crittersandcompanions), crittersandcompanions:pearl_necklace_3 (from crittersandcompanions), #jewelry:necklaces (from jewelry)]
[17:03:09] [main/ERROR]: Parsing error loading recipe trailandtales_delight:cutting/cherry_petal_from_cherry_sapling
com.google.gson.JsonParseException: No key item in MapLike[{"count":4,"id":"trailandtales_delight:cherry_petal"}]
	at knot/com.mojang.serialization.DataResult$Error.mdce0d73$owo$lambda$addStackTraceToException$0$0(DataResult.java:565) ~[datafixerupper-8.0.16.jar:?]
	at knot/com.mojang.serialization.DataResult$Error.getOrThrow(DataResult.java:287) ~[datafixerupper-8.0.16.jar:?]
	at knot/net.minecraft.class_1863.method_20705(class_1863.java:62) ~[server-intermediary.jar:?]
	at knot/net.minecraft.class_1863.method_18788(class_1863.java:35) ~[server-intermediary.jar:?]
	at knot/net.minecraft.class_4080.method_18790(class_4080.java:13) ~[server-intermediary.jar:?]
	at java.base/java.util.concurrent.CompletableFuture$UniAccept.tryFire(CompletableFuture.java:718) ~[?:?]
	at java.base/java.util.concurrent.CompletableFuture$Completion.run(CompletableFuture.java:482) ~[?:?]
	at knot/net.minecraft.class_4014.method_18365(class_4014.java:69) ~[server-intermediary.jar:?]
	at knot/net.minecraft.class_156.method_43498(class_156.java:1024) [server-intermediary.jar:?]
	at knot/net.minecraft.class_156.method_43499(class_156.java:1012) [server-intermediary.jar:?]
	at knot/net.minecraft.server.Main.main(Main.java:182) [server-intermediary.jar:?]
	at net.fabricmc.loader.impl.game.minecraft.MinecraftGameProvider.launch(MinecraftGameProvider.java:480) [fabric-loader-0.16.14.jar:?]
	at net.fabricmc.loader.impl.launch.knot.Knot.launch(Knot.java:74) [fabric-loader-0.16.14.jar:?]
	at net.fabricmc.loader.impl.launch.knot.KnotServer.main(KnotServer.java:23) [fabric-loader-0.16.14.jar:?]
	at net.fabricmc.loader.impl.launch.server.FabricServerLauncher.main(FabricServerLauncher.java:69) [fabric-loader-0.16.14.jar:?]
	at net.fabricmc.installer.ServerLauncher.main(ServerLauncher.java:69) [fabric-server-launch.jar:1.0.1]
[17:03:09] [main/ERROR]: Parsing error loading recipe winterly:cryomarble_claws
com.google.gson.JsonParseException: Map entry 'c' : Failed to parse either. First: Input does not contain a key [fabric:type]: MapLike[{"item":"winterly:cryomarble"}]; Second: Failed to parse either. First: Not a json array: {"item":"winterly:cryomarble"}; Second: No key tag in MapLike[{"item":"winterly:cryomarble"}]; Unknown registry key in ResourceKey[minecraft:root / minecraft:item]: winterly:cryomarble
	at knot/com.mojang.serialization.DataResult$Error.mdce0d73$owo$lambda$addStackTraceToException$0$0(DataResult.java:565) ~[datafixerupper-8.0.16.jar:?]
	at knot/com.mojang.serialization.DataResult$Error.getOrThrow(DataResult.java:287) ~[datafixerupper-8.0.16.jar:?]
	at knot/net.minecraft.class_1863.method_20705(class_1863.java:62) ~[server-intermediary.jar:?]
	at knot/net.minecraft.class_1863.method_18788(class_1863.java:35) ~[server-intermediary.jar:?]
	at knot/net.minecraft.class_4080.method_18790(class_4080.java:13) ~[server-intermediary.jar:?]
	at java.base/java.util.concurrent.CompletableFuture$UniAccept.tryFire(CompletableFuture.java:718) ~[?:?]
	at java.base/java.util.concurrent.CompletableFuture$Completion.run(CompletableFuture.java:482) ~[?:?]
	at knot/net.minecraft.class_4014.method_18365(class_4014.java:69) ~[server-intermediary.jar:?]
	at knot/net.minecraft.class_156.method_43498(class_156.java:1024) [server-intermediary.jar:?]
	at knot/net.minecraft.class_156.method_43499(class_156.java:1012) [server-intermediary.jar:?]
	at knot/net.minecraft.server.Main.main(Main.java:182) [server-intermediary.jar:?]
	at net.fabricmc.loader.impl.game.minecraft.MinecraftGameProvider.launch(MinecraftGameProvider.java:480) [fabric-loader-0.16.14.jar:?]
	at net.fabricmc.loader.impl.launch.knot.Knot.launch(Knot.java:74) [fabric-loader-0.16.14.jar:?]
	at net.fabricmc.loader.impl.launch.knot.KnotServer.main(KnotServer.java:23) [fabric-loader-0.16.14.jar:?]
	at net.fabricmc.loader.impl.launch.server.FabricServerLauncher.main(FabricServerLauncher.java:69) [fabric-loader-0.16.14.jar:?]
	at net.fabricmc.installer.ServerLauncher.main(ServerLauncher.java:69) [fabric-server-launch.jar:1.0.1]
[17:03:09] [main/INFO]: Loaded 5195 recipes
[17:03:09] [main/ERROR]: Parsing error loading custom advancement dungeons_arise:find_illager_corsair_or_illager_galley: No key id in MapLike[{"item":"minecraft:tropical_fish"}]
[17:03:09] [main/ERROR]: Parsing error loading custom advancement dungeons_arise:find_infested_temple_map: No key id in MapLike[{"item":"minecraft:filled_map"}]
[17:03:09] [main/ERROR]: Parsing error loading custom advancement dungeons_arise:find_greenwood_pub: No key id in MapLike[{"item":"minecraft:barrel"}]
[17:03:09] [main/ERROR]: Parsing error loading custom advancement dungeons_arise:find_thornborn_towers: No key id in MapLike[{"item":"minecraft:rose_bush"}]
[17:03:09] [main/ERROR]: Parsing error loading custom advancement dungeons_arise:find_keep_kayra: No key id in MapLike[{"item":"minecraft:lily_pad"}]
[17:03:09] [main/ERROR]: Parsing error loading custom advancement trailandtales_delight:tat_delight: No key id in MapLike[{"item":"trailandtales_delight:pottery_cooking_pot"}]
[17:03:09] [main/ERROR]: Couldn't load advancements: [minecraft:give_quest_trader_trade, dungeons_arise:find_plague_asylum, minecraft:wander_add_map, dungeons_arise:find_fishing_hut]
[17:03:09] [main/INFO]: Loaded 4727 advancements
[17:03:09] [main/INFO]: Configuration has been loaded
[17:03:09] [main/WARN]: Could not decode GlobalLootModifier with json id farmersdelight:straw_from_sandy_shrub - error: Unknown registry key in ResourceKey[minecraft:root / porting_lib:global_loot_modifier_serializers]: farmersdelight:add_item
[17:03:09] [main/WARN]: Could not decode GlobalLootModifier with json id mynethersdelight:add_loot_piglin_bartering - error: Unknown registry key in ResourceKey[minecraft:root / porting_lib:global_loot_modifier_serializers]: farmersdelight:add_loot_table
[17:03:09] [main/WARN]: Could not decode GlobalLootModifier with json id farmersdelight:slicing_cake - error: Unknown registry key in ResourceKey[minecraft:root / porting_lib:global_loot_modifier_serializers]: farmersdelight:pastry_slicing
[17:03:09] [main/WARN]: Could not decode GlobalLootModifier with json id mynethersdelight:scavenging_strider_egg - error: Unknown registry key in ResourceKey[minecraft:root / porting_lib:global_loot_modifier_serializers]: farmersdelight:add_item
[17:03:09] [main/WARN]: Could not decode GlobalLootModifier with json id mynethersdelight:add_loot_bastion_treasure - error: Unknown registry key in ResourceKey[minecraft:root / porting_lib:global_loot_modifier_serializers]: farmersdelight:add_loot_table
[17:03:09] [main/WARN]: Could not decode GlobalLootModifier with json id farmersdelight:add_loot_abandoned_mineshaft - error: Unknown registry key in ResourceKey[minecraft:root / porting_lib:global_loot_modifier_serializers]: farmersdelight:add_loot_table
[17:03:09] [main/WARN]: Could not decode GlobalLootModifier with json id mynethersdelight:slicing_magma_cake - error: Unknown registry key in ResourceKey[minecraft:root / porting_lib:global_loot_modifier_serializers]: mynethersdelight:especial_drop
[17:03:09] [main/WARN]: Could not decode GlobalLootModifier with json id farmersdelight:scavenging_ham_from_hoglin - error: Unknown registry key in ResourceKey[minecraft:root / porting_lib:global_loot_modifier_serializers]: farmersdelight:add_item
[17:03:09] [main/WARN]: Could not decode GlobalLootModifier with json id farmersdelight:straw_from_grass - error: Unknown registry key in ResourceKey[minecraft:root / porting_lib:global_loot_modifier_serializers]: farmersdelight:add_item
[17:03:09] [main/WARN]: Could not decode GlobalLootModifier with json id farmersdelight:scavenging_shulker_shell - error: Unknown registry key in ResourceKey[minecraft:root / porting_lib:global_loot_modifier_serializers]: farmersdelight:add_item
[17:03:09] [main/WARN]: Could not decode GlobalLootModifier with json id farmersdelight:scavenging_pumpkin - error: Unknown registry key in ResourceKey[minecraft:root / porting_lib:global_loot_modifier_serializers]: farmersdelight:replace_item
[17:03:09] [main/WARN]: Could not decode GlobalLootModifier with json id farmersdelight:cut_elder_guardian - error: Unknown registry key in ResourceKey[minecraft:root / porting_lib:global_loot_modifier_serializers]: farmersdelight:add_item
[17:03:09] [main/WARN]: Could not decode GlobalLootModifier with json id farmersdelight:cut_tentacles_squid - error: Unknown registry key in ResourceKey[minecraft:root / porting_lib:global_loot_modifier_serializers]: farmersdelight:add_item
[17:03:09] [main/WARN]: Could not decode GlobalLootModifier with json id farmersdelight:add_loot_end_city_treasure - error: Unknown registry key in ResourceKey[minecraft:root / porting_lib:global_loot_modifier_serializers]: farmersdelight:add_loot_table
[17:03:09] [main/WARN]: Could not decode GlobalLootModifier with json id farmersdelight:slicing_chocolate_pie - error: Unknown registry key in ResourceKey[minecraft:root / porting_lib:global_loot_modifier_serializers]: farmersdelight:pastry_slicing
[17:03:09] [main/WARN]: Could not decode GlobalLootModifier with json id mynethersdelight:add_loot_bastion_hoglin_stable - error: Unknown registry key in ResourceKey[minecraft:root / porting_lib:global_loot_modifier_serializers]: farmersdelight:add_loot_table
[17:03:09] [main/WARN]: Could not decode GlobalLootModifier with json id farmersdelight:slicing_sweet_berry_cheesecake - error: Unknown registry key in ResourceKey[minecraft:root / porting_lib:global_loot_modifier_serializers]: farmersdelight:pastry_slicing
[17:03:09] [main/WARN]: Could not decode GlobalLootModifier with json id mynethersdelight:scavenging_onion_from_ghast - error: Unknown registry key in ResourceKey[minecraft:root / porting_lib:global_loot_modifier_serializers]: farmersdelight:add_item
[17:03:09] [main/WARN]: Could not decode GlobalLootModifier with json id farmersdelight:add_loot_shipwreck_supply - error: Unknown registry key in ResourceKey[minecraft:root / porting_lib:global_loot_modifier_serializers]: farmersdelight:add_loot_table
[17:03:09] [main/WARN]: Could not decode GlobalLootModifier with json id farmersdelight:add_loot_simple_dungeon - error: Unknown registry key in ResourceKey[minecraft:root / porting_lib:global_loot_modifier_serializers]: farmersdelight:add_loot_table
[17:03:09] [main/WARN]: Could not decode GlobalLootModifier with json id farmersdelight:straw_from_mature_rice - error: Unknown registry key in ResourceKey[minecraft:root / porting_lib:global_loot_modifier_serializers]: farmersdelight:add_item
[17:03:09] [main/WARN]: Could not decode GlobalLootModifier with json id mynethersdelight:scavenging_extra_ghasta1 - error: Unknown registry key in ResourceKey[minecraft:root / porting_lib:global_loot_modifier_serializers]: farmersdelight:add_item
[17:03:09] [main/WARN]: Could not decode GlobalLootModifier with json id farmersdelight:scavenging_rabbit_hide - error: Unknown registry key in ResourceKey[minecraft:root / porting_lib:global_loot_modifier_serializers]: farmersdelight:add_item
[17:03:09] [main/WARN]: Could not decode GlobalLootModifier with json id mynethersdelight:scavenging_extra_ghasta0 - error: Unknown registry key in ResourceKey[minecraft:root / porting_lib:global_loot_modifier_serializers]: farmersdelight:add_item
[17:03:09] [main/WARN]: Could not decode GlobalLootModifier with json id mynethersdelight:scavenging_extra_strider_egg2 - error: Unknown registry key in ResourceKey[minecraft:root / porting_lib:global_loot_modifier_serializers]: farmersdelight:add_item
[17:03:09] [main/WARN]: Could not decode GlobalLootModifier with json id mynethersdelight:scavenging_extra_strider_egg1 - error: Unknown registry key in ResourceKey[minecraft:root / porting_lib:global_loot_modifier_serializers]: farmersdelight:add_item
[17:03:09] [main/WARN]: Could not decode GlobalLootModifier with json id mynethersdelight:scavenging_strider_slice - error: Unknown registry key in ResourceKey[minecraft:root / porting_lib:global_loot_modifier_serializers]: farmersdelight:add_item
[17:03:09] [main/WARN]: Could not decode GlobalLootModifier with json id mynethersdelight:scavenging_extra_strider_egg0 - error: Unknown registry key in ResourceKey[minecraft:root / porting_lib:global_loot_modifier_serializers]: farmersdelight:add_item
[17:03:09] [main/WARN]: Could not decode GlobalLootModifier with json id farmersdelight:scavenging_smoked_ham_from_pig - error: Unknown registry key in ResourceKey[minecraft:root / porting_lib:global_loot_modifier_serializers]: farmersdelight:add_item
[17:03:09] [main/WARN]: Could not decode GlobalLootModifier with json id farmersdelight:add_loot_ruined_portal - error: Unknown registry key in ResourceKey[minecraft:root / porting_lib:global_loot_modifier_serializers]: farmersdelight:add_loot_table
[17:03:09] [main/WARN]: Could not decode GlobalLootModifier with json id farmersdelight:add_loot_bastion_hoglin_stable - error: Unknown registry key in ResourceKey[minecraft:root / porting_lib:global_loot_modifier_serializers]: farmersdelight:add_loot_table
[17:03:09] [main/WARN]: Could not decode GlobalLootModifier with json id farmersdelight:add_loot_village_savanna_house - error: Unknown registry key in ResourceKey[minecraft:root / porting_lib:global_loot_modifier_serializers]: farmersdelight:add_loot_table
[17:03:09] [main/WARN]: Could not decode GlobalLootModifier with json id farmersdelight:scavenging_smoked_ham_from_hoglin - error: Unknown registry key in ResourceKey[minecraft:root / porting_lib:global_loot_modifier_serializers]: farmersdelight:add_item
[17:03:09] [main/WARN]: Could not decode GlobalLootModifier with json id farmersdelight:slicing_apple_pie - error: Unknown registry key in ResourceKey[minecraft:root / porting_lib:global_loot_modifier_serializers]: farmersdelight:pastry_slicing
[17:03:09] [main/WARN]: Could not decode GlobalLootModifier with json id mynethersdelight:remplace_hoglin_pork_loin - error: Unknown registry key in ResourceKey[minecraft:root / porting_lib:global_loot_modifier_serializers]: mynethersdelight:remplace_item
[17:03:09] [main/WARN]: Could not decode GlobalLootModifier with json id farmersdelight:scavenging_string - error: Unknown registry key in ResourceKey[minecraft:root / porting_lib:global_loot_modifier_serializers]: farmersdelight:add_item
[17:03:09] [main/WARN]: Could not decode GlobalLootModifier with json id farmersdelight:scavenging_ham_from_pig - error: Unknown registry key in ResourceKey[minecraft:root / porting_lib:global_loot_modifier_serializers]: farmersdelight:add_item
[17:03:09] [main/WARN]: Could not decode GlobalLootModifier with json id farmersdelight:straw_from_tall_grass - error: Unknown registry key in ResourceKey[minecraft:root / porting_lib:global_loot_modifier_serializers]: farmersdelight:add_item
[17:03:09] [main/WARN]: Could not decode GlobalLootModifier with json id farmersdelight:slicing_candle_cake - error: Unknown registry key in ResourceKey[minecraft:root / porting_lib:global_loot_modifier_serializers]: farmersdelight:add_item
[17:03:09] [main/WARN]: Could not decode GlobalLootModifier with json id farmersdelight:guardian_drop - error: Unknown registry key in ResourceKey[minecraft:root / porting_lib:global_loot_modifier_serializers]: farmersdelight:add_item
[17:03:09] [main/WARN]: Could not decode GlobalLootModifier with json id farmersdelight:cut_tentacles_glow_squid - error: Unknown registry key in ResourceKey[minecraft:root / porting_lib:global_loot_modifier_serializers]: farmersdelight:add_item
[17:03:09] [main/WARN]: Could not decode GlobalLootModifier with json id farmersdelight:straw_from_mature_wheat - error: Unknown registry key in ResourceKey[minecraft:root / porting_lib:global_loot_modifier_serializers]: farmersdelight:add_item
[17:03:09] [main/WARN]: Could not decode GlobalLootModifier with json id farmersdelight:scavenging_leather - error: Unknown registry key in ResourceKey[minecraft:root / porting_lib:global_loot_modifier_serializers]: farmersdelight:add_item
[17:03:09] [main/WARN]: Could not decode GlobalLootModifier with json id farmersdelight:scavenging_feather - error: Unknown registry key in ResourceKey[minecraft:root / porting_lib:global_loot_modifier_serializers]: farmersdelight:add_item
[17:03:09] [main/WARN]: Could not decode GlobalLootModifier with json id farmersdelight:add_loot_village_snowy_house - error: Unknown registry key in ResourceKey[minecraft:root / porting_lib:global_loot_modifier_serializers]: farmersdelight:add_loot_table
[17:03:09] [main/WARN]: Could not decode GlobalLootModifier with json id mynethersdelight:remplace_hoglin_cooked_pork_loin - error: Unknown registry key in ResourceKey[minecraft:root / porting_lib:global_loot_modifier_serializers]: mynethersdelight:remplace_item
[17:03:09] [main/WARN]: Could not decode GlobalLootModifier with json id farmersdelight:add_loot_village_desert_house - error: Unknown registry key in ResourceKey[minecraft:root / porting_lib:global_loot_modifier_serializers]: farmersdelight:add_loot_table
[17:03:09] [main/WARN]: Could not decode GlobalLootModifier with json id farmersdelight:add_loot_bastion_treasure - error: Unknown registry key in ResourceKey[minecraft:root / porting_lib:global_loot_modifier_serializers]: farmersdelight:add_loot_table
[17:03:09] [main/WARN]: Could not decode GlobalLootModifier with json id mynethersdelight:scavenging_extra_strider_slice0 - error: Unknown registry key in ResourceKey[minecraft:root / porting_lib:global_loot_modifier_serializers]: farmersdelight:add_item
[17:03:09] [main/WARN]: Could not decode GlobalLootModifier with json id farmersdelight:add_loot_pillager_outpost - error: Unknown registry key in ResourceKey[minecraft:root / porting_lib:global_loot_modifier_serializers]: farmersdelight:add_loot_table
[17:03:09] [main/WARN]: Could not decode GlobalLootModifier with json id farmersdelight:add_loot_village_plains_house - error: Unknown registry key in ResourceKey[minecraft:root / porting_lib:global_loot_modifier_serializers]: farmersdelight:add_loot_table
[17:03:09] [main/WARN]: Could not decode GlobalLootModifier with json id farmersdelight:add_loot_village_taiga_house - error: Unknown registry key in ResourceKey[minecraft:root / porting_lib:global_loot_modifier_serializers]: farmersdelight:add_loot_table
[17:03:09] [main/WARN]: Could not decode GlobalLootModifier with json id farmersdelight:add_loot_village_butcher - error: Unknown registry key in ResourceKey[minecraft:root / porting_lib:global_loot_modifier_serializers]: farmersdelight:add_loot_table
[17:03:09] [main/WARN]: Could not decode GlobalLootModifier with json id mynethersdelight:scavenging_extra_strider_slice1 - error: Unknown registry key in ResourceKey[minecraft:root / porting_lib:global_loot_modifier_serializers]: farmersdelight:add_item
[17:03:09] [main/WARN]: Could not decode GlobalLootModifier with json id mynethersdelight:scavenging_ghasta - error: Unknown registry key in ResourceKey[minecraft:root / porting_lib:global_loot_modifier_serializers]: farmersdelight:add_item
[17:03:09] [main/WARN]: Could not decode GlobalLootModifier with json id mynethersdelight:scavenging_hoglin_hide - error: Unknown registry key in ResourceKey[minecraft:root / porting_lib:global_loot_modifier_serializers]: farmersdelight:add_item
[17:03:09] [main/INFO]: Reloading grave shape (server)
[17:03:09] [main/INFO]: Grave model and shape reload successful (server)
[17:03:09] [main/INFO]: Reloading YIGD graveyard data (server)
[17:03:09] [main/INFO]: Graveyard data successfully reloaded (server)
[17:03:09] [main/INFO]: Reloading YIGD grave area overrides (server)
[17:03:09] [main/INFO]: Grave area overrides successfully reloaded (server)
[17:03:10] [main/INFO]: [Quad] loaded default fuel values
[17:03:10] [main/INFO]: [Quad] loaded quad fuel tags
[17:03:10] [main/WARN]: Initial datapack load took 4.365 s
[17:03:10] [main/INFO]: Initialized TerraBlender biomes for level stem minecraft:the_nether
[17:03:10] [main/INFO]: Initialized TerraBlender biomes for level stem minecraft:overworld
[17:03:10] [main/INFO]: Applied 1169 biome modifications to 128 of 128 new biomes in 151.4 ms
[17:03:10] [Server thread/INFO]: [STDOUT]: Loaded container: paladins:acolyte_wand
[17:03:10] [Server thread/INFO]: [STDOUT]: Loaded container: paladins:aeternium_claymore
[17:03:10] [Server thread/INFO]: [STDOUT]: Loaded container: rogues:aeternium_dagger
[17:03:10] [Server thread/INFO]: [STDOUT]: Loaded container: rogues:aeternium_double_axe
[17:03:10] [Server thread/INFO]: [STDOUT]: Loaded container: rogues:aeternium_glaive
[17:03:10] [Server thread/INFO]: [STDOUT]: Loaded container: paladins:aeternium_great_hammer
[17:03:10] [Server thread/INFO]: [STDOUT]: Loaded container: rogues:aeternium_sickle
[17:03:10] [Server thread/INFO]: [STDOUT]: Loaded container: archers:aeternium_spear
[17:03:10] [Server thread/INFO]: [STDOUT]: Loaded container: paladins:aether_claymore
[17:03:10] [Server thread/INFO]: [STDOUT]: Loaded container: rogues:aether_dagger
[17:03:10] [Server thread/INFO]: [STDOUT]: Loaded container: rogues:aether_double_axe
[17:03:10] [Server thread/INFO]: [STDOUT]: Loaded container: rogues:aether_glaive
[17:03:10] [Server thread/INFO]: [STDOUT]: Loaded container: paladins:aether_great_hammer
[17:03:10] [Server thread/INFO]: [STDOUT]: Loaded container: archers:aether_heavy_crossbow
[17:03:10] [Server thread/INFO]: [STDOUT]: Loaded container: paladins:aether_holy_staff
[17:03:10] [Server thread/INFO]: [STDOUT]: Loaded container: archers:aether_longbow
[17:03:10] [Server thread/INFO]: [STDOUT]: Loaded container: paladins:aether_mace
[17:03:10] [Server thread/INFO]: [STDOUT]: Loaded container: rogues:aether_sickle
[17:03:10] [Server thread/INFO]: [STDOUT]: Loaded container: archers:aether_spear
[17:03:10] [Server thread/INFO]: [STDOUT]: Loaded container: wizards:aether_wizard_staff
[17:03:10] [Server thread/INFO]: [STDOUT]: Loaded container: bettercombat:anchor
[17:03:10] [Server thread/INFO]: [STDOUT]: Loaded container: bettercombat:axe
[17:03:10] [Server thread/INFO]: [STDOUT]: Loaded container: bettercombat:battlestaff
[17:03:10] [Server thread/INFO]: [STDOUT]: Loaded container: bettercombat:bow_two_handed_heavy
[17:03:10] [Server thread/INFO]: [STDOUT]: Loaded container: bettercombat:bow_two_handed_light
[17:03:10] [Server thread/INFO]: [STDOUT]: Loaded container: bettercombat:claw
[17:03:10] [Server thread/INFO]: [STDOUT]: Loaded container: bettercombat:claymore
[17:03:10] [Server thread/INFO]: [STDOUT]: Loaded container: archers:composite_longbow
[17:03:10] [Server thread/INFO]: [STDOUT]: Loaded container: bettercombat:coral_blade
[17:03:10] [Server thread/INFO]: [STDOUT]: Loaded container: bettercombat:crossbow_two_handed_heavy
[17:03:10] [Server thread/INFO]: [STDOUT]: Loaded container: bettercombat:crossbow_two_handed_light
[17:03:10] [Server thread/INFO]: [STDOUT]: Loaded container: archers:crystal_longbow
[17:03:10] [Server thread/INFO]: [STDOUT]: Loaded container: bettercombat:cutlass
[17:03:10] [Server thread/INFO]: [STDOUT]: Loaded container: bettercombat:dagger
[17:03:10] [Server thread/INFO]: [STDOUT]: Loaded container: paladins:diamond_claymore
[17:03:10] [Server thread/INFO]: [STDOUT]: Loaded container: rogues:diamond_dagger
[17:03:10] [Server thread/INFO]: [STDOUT]: Loaded container: rogues:diamond_double_axe
[17:03:10] [Server thread/INFO]: [STDOUT]: Loaded container: rogues:diamond_glaive
[17:03:10] [Server thread/INFO]: [STDOUT]: Loaded container: paladins:diamond_great_hammer
[17:03:10] [Server thread/INFO]: [STDOUT]: Loaded container: paladins:diamond_holy_staff
[17:03:10] [Server thread/INFO]: [STDOUT]: Loaded container: paladins:diamond_holy_wand
[17:03:10] [Server thread/INFO]: [STDOUT]: Loaded container: paladins:diamond_mace
[17:03:10] [Server thread/INFO]: [STDOUT]: Loaded container: rogues:diamond_sickle
[17:03:10] [Server thread/INFO]: [STDOUT]: Loaded container: archers:diamond_spear
[17:03:10] [Server thread/INFO]: [STDOUT]: Loaded container: minecraft:diamond_sword
[17:03:10] [Server thread/INFO]: [STDOUT]: Loaded container: bettercombat:double_axe
[17:03:10] [Server thread/INFO]: [STDOUT]: Loaded container: bettercombat:fist
[17:03:10] [Server thread/INFO]: [STDOUT]: Loaded container: rogues:flint_dagger
[17:03:10] [Server thread/INFO]: [STDOUT]: Loaded container: archers:flint_spear
[17:03:10] [Server thread/INFO]: [STDOUT]: Loaded container: bettercombat:glaive
[17:03:10] [Server thread/INFO]: [STDOUT]: Loaded container: paladins:golden_claymore
[17:03:10] [Server thread/INFO]: [STDOUT]: Loaded container: rogues:golden_dagger
[17:03:10] [Server thread/INFO]: [STDOUT]: Loaded container: rogues:golden_double_axe
[17:03:10] [Server thread/INFO]: [STDOUT]: Loaded container: rogues:golden_glaive
[17:03:10] [Server thread/INFO]: [STDOUT]: Loaded container: paladins:golden_great_hammer
[17:03:10] [Server thread/INFO]: [STDOUT]: Loaded container: paladins:golden_mace
[17:03:10] [Server thread/INFO]: [STDOUT]: Loaded container: rogues:golden_sickle
[17:03:10] [Server thread/INFO]: [STDOUT]: Loaded container: archers:golden_spear
[17:03:10] [Server thread/INFO]: [STDOUT]: Loaded container: minecraft:golden_sword
[17:03:10] [Server thread/INFO]: [STDOUT]: Loaded container: bettercombat:halberd
[17:03:10] [Server thread/INFO]: [STDOUT]: Loaded container: bettercombat:hammer
[17:03:10] [Server thread/INFO]: [STDOUT]: Loaded container: bettercombat:heavy_axe
[17:03:10] [Server thread/INFO]: [STDOUT]: Loaded container: archers:heavy_crossbow
[17:03:10] [Server thread/INFO]: [STDOUT]: Loaded container: paladins:holy_staff
[17:03:10] [Server thread/INFO]: [STDOUT]: Loaded container: paladins:holy_wand
[17:03:10] [Server thread/INFO]: [STDOUT]: Loaded container: paladins:iron_claymore
[17:03:10] [Server thread/INFO]: [STDOUT]: Loaded container: rogues:iron_dagger
[17:03:10] [Server thread/INFO]: [STDOUT]: Loaded container: rogues:iron_double_axe
[17:03:10] [Server thread/INFO]: [STDOUT]: Loaded container: rogues:iron_glaive
[17:03:10] [Server thread/INFO]: [STDOUT]: Loaded container: paladins:iron_great_hammer
[17:03:10] [Server thread/INFO]: [STDOUT]: Loaded container: paladins:iron_mace
[17:03:10] [Server thread/INFO]: [STDOUT]: Loaded container: rogues:iron_sickle
[17:03:10] [Server thread/INFO]: [STDOUT]: Loaded container: archers:iron_spear
[17:03:10] [Server thread/INFO]: [STDOUT]: Loaded container: minecraft:iron_sword
[17:03:10] [Server thread/INFO]: [STDOUT]: Loaded container: bettercombat:katana
[17:03:10] [Server thread/INFO]: [STDOUT]: Loaded container: bettercombat:lance
[17:03:10] [Server thread/INFO]: [STDOUT]: Loaded container: bettercombat:mace
[17:03:10] [Server thread/INFO]: [STDOUT]: Loaded container: minecraft:mace
[17:03:10] [Server thread/INFO]: [STDOUT]: Loaded container: paladins:netherite_claymore
[17:03:10] [Server thread/INFO]: [STDOUT]: Loaded container: rogues:netherite_dagger
[17:03:10] [Server thread/INFO]: [STDOUT]: Loaded container: rogues:netherite_double_axe
[17:03:10] [Server thread/INFO]: [STDOUT]: Loaded container: rogues:netherite_glaive
[17:03:10] [Server thread/INFO]: [STDOUT]: Loaded container: paladins:netherite_great_hammer
[17:03:10] [Server thread/INFO]: [STDOUT]: Loaded container: archers:netherite_heavy_crossbow
[17:03:10] [Server thread/INFO]: [STDOUT]: Loaded container: paladins:netherite_holy_staff
[17:03:10] [Server thread/INFO]: [STDOUT]: Loaded container: paladins:netherite_holy_wand
[17:03:10] [Server thread/INFO]: [STDOUT]: Loaded container: archers:netherite_longbow
[17:03:10] [Server thread/INFO]: [STDOUT]: Loaded container: paladins:netherite_mace
[17:03:10] [Server thread/INFO]: [STDOUT]: Loaded container: rogues:netherite_sickle
[17:03:10] [Server thread/INFO]: [STDOUT]: Loaded container: archers:netherite_spear
[17:03:10] [Server thread/INFO]: [STDOUT]: Loaded container: minecraft:netherite_sword
[17:03:10] [Server thread/INFO]: [STDOUT]: Loaded container: bettercombat:pickaxe
[17:03:10] [Server thread/INFO]: [STDOUT]: Loaded container: bettercombat:rapier
[17:03:10] [Server thread/INFO]: [STDOUT]: Loaded container: archers:royal_longbow
[17:03:10] [Server thread/INFO]: [STDOUT]: Loaded container: paladins:ruby_claymore
[17:03:10] [Server thread/INFO]: [STDOUT]: Loaded container: rogues:ruby_dagger
[17:03:10] [Server thread/INFO]: [STDOUT]: Loaded container: rogues:ruby_double_axe
[17:03:10] [Server thread/INFO]: [STDOUT]: Loaded container: rogues:ruby_glaive
[17:03:10] [Server thread/INFO]: [STDOUT]: Loaded container: archers:ruby_heavy_crossbow
[17:03:10] [Server thread/INFO]: [STDOUT]: Loaded container: paladins:ruby_holy_staff
[17:03:10] [Server thread/INFO]: [STDOUT]: Loaded container: rogues:ruby_sickle
[17:03:10] [Server thread/INFO]: [STDOUT]: Loaded container: archers:ruby_spear
[17:03:10] [Server thread/INFO]: [STDOUT]: Loaded container: bettercombat:scythe
[17:03:10] [Server thread/INFO]: [STDOUT]: Loaded container: bettercombat:sickle
[17:03:10] [Server thread/INFO]: [STDOUT]: Loaded container: farmersdelight:skillet
[17:03:10] [Server thread/INFO]: [STDOUT]: Loaded container: bettercombat:soul_knife
[17:03:10] [Server thread/INFO]: [STDOUT]: Loaded container: bettercombat:spear
[17:03:10] [Server thread/INFO]: [STDOUT]: Loaded container: bettercombat:staff
[17:03:10] [Server thread/INFO]: [STDOUT]: Loaded container: wizards:staff_arcane
[17:03:10] [Server thread/INFO]: [STDOUT]: Loaded container: wizards:staff_crystal_arcane
[17:03:10] [Server thread/INFO]: [STDOUT]: Loaded container: wizards:staff_fire
[17:03:10] [Server thread/INFO]: [STDOUT]: Loaded container: wizards:staff_frost
[17:03:10] [Server thread/INFO]: [STDOUT]: Loaded container: wizards:staff_netherite_arcane
[17:03:10] [Server thread/INFO]: [STDOUT]: Loaded container: wizards:staff_netherite_fire
[17:03:10] [Server thread/INFO]: [STDOUT]: Loaded container: wizards:staff_netherite_frost
[17:03:10] [Server thread/INFO]: [STDOUT]: Loaded container: wizards:staff_ruby_fire
[17:03:10] [Server thread/INFO]: [STDOUT]: Loaded container: wizards:staff_smaragdant_frost
[17:03:10] [Server thread/INFO]: [STDOUT]: Loaded container: wizards:staff_wizard
[17:03:10] [Server thread/INFO]: [STDOUT]: Loaded container: paladins:stone_claymore
[17:03:10] [Server thread/INFO]: [STDOUT]: Loaded container: rogues:stone_double_axe
[17:03:10] [Server thread/INFO]: [STDOUT]: Loaded container: paladins:stone_great_hammer
[17:03:10] [Server thread/INFO]: [STDOUT]: Loaded container: paladins:stone_mace
[17:03:10] [Server thread/INFO]: [STDOUT]: Loaded container: minecraft:stone_sword
[17:03:10] [Server thread/INFO]: [STDOUT]: Loaded container: bettercombat:sword
[17:03:10] [Server thread/INFO]: [STDOUT]: Loaded container: bettercombat:trident
[17:03:10] [Server thread/INFO]: [STDOUT]: Loaded container: minecraft:trident
[17:03:10] [Server thread/INFO]: [STDOUT]: Loaded container: bettercombat:twin_blade
[17:03:10] [Server thread/INFO]: [STDOUT]: Loaded container: arsenal:unique_claymore_1
[17:03:10] [Server thread/INFO]: [STDOUT]: Loaded container: arsenal:unique_claymore_2
[17:03:10] [Server thread/INFO]: [STDOUT]: Loaded container: arsenal:unique_claymore_sw
[17:03:10] [Server thread/INFO]: [STDOUT]: Loaded container: arsenal:unique_dagger_1
[17:03:10] [Server thread/INFO]: [STDOUT]: Loaded container: arsenal:unique_dagger_2
[17:03:10] [Server thread/INFO]: [STDOUT]: Loaded container: arsenal:unique_dagger_sw
[17:03:10] [Server thread/INFO]: [STDOUT]: Loaded container: arsenal:unique_double_axe_1
[17:03:10] [Server thread/INFO]: [STDOUT]: Loaded container: arsenal:unique_double_axe_2
[17:03:10] [Server thread/INFO]: [STDOUT]: Loaded container: arsenal:unique_double_axe_sw
[17:03:10] [Server thread/INFO]: [STDOUT]: Loaded container: arsenal:unique_glaive_1
[17:03:10] [Server thread/INFO]: [STDOUT]: Loaded container: arsenal:unique_glaive_2
[17:03:10] [Server thread/INFO]: [STDOUT]: Loaded container: arsenal:unique_glaive_sw
[17:03:10] [Server thread/INFO]: [STDOUT]: Loaded container: arsenal:unique_hammer_1
[17:03:10] [Server thread/INFO]: [STDOUT]: Loaded container: arsenal:unique_hammer_2
[17:03:10] [Server thread/INFO]: [STDOUT]: Loaded container: arsenal:unique_hammer_sw
[17:03:10] [Server thread/INFO]: [STDOUT]: Loaded container: arsenal:unique_heavy_crossbow_1
[17:03:10] [Server thread/INFO]: [STDOUT]: Loaded container: arsenal:unique_heavy_crossbow_2
[17:03:10] [Server thread/INFO]: [STDOUT]: Loaded container: arsenal:unique_heavy_crossbow_sw
[17:03:10] [Server thread/INFO]: [STDOUT]: Loaded container: arsenal:unique_longbow_1
[17:03:10] [Server thread/INFO]: [STDOUT]: Loaded container: arsenal:unique_longbow_2
[17:03:10] [Server thread/INFO]: [STDOUT]: Loaded container: arsenal:unique_longbow_sw
[17:03:10] [Server thread/INFO]: [STDOUT]: Loaded container: arsenal:unique_longsword_sw
[17:03:10] [Server thread/INFO]: [STDOUT]: Loaded container: arsenal:unique_mace_1
[17:03:10] [Server thread/INFO]: [STDOUT]: Loaded container: arsenal:unique_mace_2
[17:03:10] [Server thread/INFO]: [STDOUT]: Loaded container: arsenal:unique_mace_sw
[17:03:10] [Server thread/INFO]: [STDOUT]: Loaded container: arsenal:unique_sickle_1
[17:03:10] [Server thread/INFO]: [STDOUT]: Loaded container: arsenal:unique_sickle_2
[17:03:10] [Server thread/INFO]: [STDOUT]: Loaded container: arsenal:unique_sickle_sw
[17:03:10] [Server thread/INFO]: [STDOUT]: Loaded container: arsenal:unique_spear_1
[17:03:10] [Server thread/INFO]: [STDOUT]: Loaded container: arsenal:unique_spear_2
[17:03:10] [Server thread/INFO]: [STDOUT]: Loaded container: arsenal:unique_spear_sw
[17:03:10] [Server thread/INFO]: [STDOUT]: Loaded container: arsenal:unique_staff_damage_1
[17:03:10] [Server thread/INFO]: [STDOUT]: Loaded container: arsenal:unique_staff_damage_2
[17:03:10] [Server thread/INFO]: [STDOUT]: Loaded container: arsenal:unique_staff_damage_3
[17:03:10] [Server thread/INFO]: [STDOUT]: Loaded container: arsenal:unique_staff_damage_4
[17:03:10] [Server thread/INFO]: [STDOUT]: Loaded container: arsenal:unique_staff_damage_5
[17:03:10] [Server thread/INFO]: [STDOUT]: Loaded container: arsenal:unique_staff_damage_6
[17:03:10] [Server thread/INFO]: [STDOUT]: Loaded container: arsenal:unique_staff_damage_sw
[17:03:10] [Server thread/INFO]: [STDOUT]: Loaded container: arsenal:unique_staff_heal_1
[17:03:10] [Server thread/INFO]: [STDOUT]: Loaded container: arsenal:unique_staff_heal_2
[17:03:10] [Server thread/INFO]: [STDOUT]: Loaded container: arsenal:unique_staff_heal_sw
[17:03:10] [Server thread/INFO]: [STDOUT]: Loaded container: bettercombat:vanilla_mace
[17:03:10] [Server thread/INFO]: [STDOUT]: Loaded container: bettercombat:wand
[17:03:10] [Server thread/INFO]: [STDOUT]: Loaded container: wizards:wand_arcane
[17:03:10] [Server thread/INFO]: [STDOUT]: Loaded container: wizards:wand_fire
[17:03:10] [Server thread/INFO]: [STDOUT]: Loaded container: wizards:wand_frost
[17:03:10] [Server thread/INFO]: [STDOUT]: Loaded container: wizards:wand_netherite_arcane
[17:03:10] [Server thread/INFO]: [STDOUT]: Loaded container: wizards:wand_netherite_fire
[17:03:10] [Server thread/INFO]: [STDOUT]: Loaded container: wizards:wand_netherite_frost
[17:03:10] [Server thread/INFO]: [STDOUT]: Loaded container: wizards:wand_novice
[17:03:10] [Server thread/INFO]: [STDOUT]: Loaded container: paladins:wooden_great_hammer
[17:03:10] [Server thread/INFO]: [STDOUT]: Loaded container: minecraft:wooden_sword
[17:03:10] [Server thread/INFO]: Encoded Weapon Attribute registry size (with package overhead): 10645 bytes (in 2 string chunks with the size of 10000)
[17:03:10] [Server thread/INFO]: [Quad] cached original fuel map with count of: 1168
[17:03:10] [Server thread/INFO]: [STDOUT]: Encoded SpellRegistry size (with package overhead): ??? bytes (in 3 string chunks with the size of 10000)
[17:03:10] [Server thread/INFO]: Starting minecraft server version 1.21.1
[17:03:10] [Server thread/INFO]: Loading properties
[17:03:10] [Server thread/INFO]: Default game type: SURVIVAL
[17:03:10] [Server thread/INFO]: Generating keypair
[17:03:10] [Server thread/INFO]: Starting Minecraft server on *:25565
[17:03:11] [Server thread/INFO]: Using epoll channel type
[17:03:11] [Server thread/WARN]: **** SERVER IS RUNNING IN OFFLINE/INSECURE MODE!
[17:03:11] [Server thread/WARN]: The server will make no attempt to authenticate usernames. Beware.
[17:03:11] [Server thread/WARN]: While this makes the game possible to play without internet access, it also opens up the ability for hackers to connect with any username they choose.
[17:03:11] [Server thread/WARN]: To change this, set "online-mode" to "true" in the server.properties file.
[17:03:11] [Server thread/INFO]: Preparing level "Rpg"
[17:03:11] [Server thread/INFO]: [Surveyor] Loading data for minecraft:overworld
[17:03:12] [Server thread/INFO]: [Surveyor] Finished loading data for minecraft:overworld
[17:03:12] [Server thread/INFO]: [Surveyor] Loading data for minecraft:the_end
[17:03:12] [Server thread/INFO]: [Surveyor] Finished loading data for minecraft:the_end
[17:03:12] [Server thread/INFO]: [Surveyor] Loading data for minecraft:the_nether
[17:03:12] [Server thread/INFO]: [Surveyor] Finished loading data for minecraft:the_nether
[17:03:12] [Server thread/INFO]: Preparing start region for dimension minecraft:overworld
[17:03:13] [Worker-Main-1/INFO]: Preparing spawn area: 0%
[17:03:13] [Worker-Main-1/INFO]: Preparing spawn area: 0%
[17:03:13] [Worker-Main-1/INFO]: Preparing spawn area: 0%
[17:03:13] [Worker-Main-1/INFO]: Preparing spawn area: 0%
[17:03:14] [Server thread/INFO]: Time elapsed: 2035 ms
[17:03:14] [Server thread/INFO]: Done (3.333s)! For help, type "help"
[17:03:14] [Server thread/WARN]: Dedicated server took 29.176 seconds to load
[17:03:14] [Server thread/INFO]: Loading audio file volume overrides...
[17:03:14] [Server thread/INFO]: Loading audio file name mappings...
[17:03:14] [Server thread/WARN]: [voicechat] Running in offline mode - Voice chat encryption is not secure!
[17:03:14] [VoiceChatServerThread/INFO]: [voicechat] Voice chat server started at port 24454
[17:03:14] [Server thread/ERROR]: Tried to load invalid item: 'No key id in MapLike[{Slot:0,dropRule:"PUT_IN_GRAVE",visible:0b}]'
[17:03:14] [Server thread/ERROR]: Tried to load invalid item: 'No key id in MapLike[{Slot:0,dropRule:"PUT_IN_GRAVE",visible:0b}]'
[17:03:14] [Server thread/ERROR]: Tried to load invalid item: 'No key id in MapLike[{Slot:0,dropRule:"PUT_IN_GRAVE",visible:0b}]'
[17:03:14] [Server thread/ERROR]: Tried to load invalid item: 'No key id in MapLike[{Slot:0,dropRule:"PUT_IN_GRAVE",visible:0b}]'
[17:03:14] [Server thread/ERROR]: Tried to load invalid item: 'No key id in MapLike[{Slot:0,dropRule:"PUT_IN_GRAVE",visible:0b}]'
[17:03:14] [Server thread/ERROR]: Tried to load invalid item: 'No key id in MapLike[{Slot:0,dropRule:"PUT_IN_GRAVE",visible:0b}]'
[17:03:14] [Server thread/ERROR]: Tried to load invalid item: 'No key id in MapLike[{Slot:0,dropRule:"PUT_IN_GRAVE",visible:0b}]'
[17:03:14] [Server thread/ERROR]: Tried to load invalid item: 'No key id in MapLike[{Slot:0,dropRule:"PUT_IN_GRAVE",visible:0b}]'
[17:03:14] [Server thread/INFO]: Changing maximum value for minecraft:generic.armor from 30.0 to 1000000.0.
[17:03:14] [Server thread/INFO]: Changing maximum value for minecraft:generic.armor_toughness from 20.0 to 1000000.0.
[17:03:14] [Server thread/INFO]: Changing maximum value for minecraft:generic.attack_damage from 2048.0 to 1000000.0.
[17:03:14] [Server thread/INFO]: Changing maximum value for minecraft:generic.attack_knockback from 5.0 to 1000000.0.
[17:03:14] [Server thread/INFO]: Changing maximum value for minecraft:generic.max_health from 1024.0 to 1000000.0.
[17:06:07] [Server thread/INFO]: Mat_525[/127.207.153.182:48373] logged in with entity id 30 at (40.5, 74.0, 686.5)
[17:06:07] [Server thread/INFO]: Sending server config values to client
[17:06:07] [Server thread/INFO]: Using Fabric Permissions API
[17:06:07] [Server thread/INFO]: [voicechat] Using Fabric Permissions API
[17:06:07] [Server thread/INFO]: Mat_525 joined the game
[17:06:08] [Server thread/INFO]: Priority overwritten for player Mat_525. Claiming: GRAVE / Robbing: INVENTORY
[17:06:08] [Server thread/INFO]: Receiving client config
[17:06:08] [Server thread/INFO]: [voicechat] Received secret request of Mat_525 (18)
[17:06:08] [Server thread/INFO]: [voicechat] Sent secret to Mat_525
[17:06:22] [Server thread/WARN]: Can't keep up! Is the server overloaded? Running 8423ms or 168 ticks behind
[17:08:23] [Server thread/INFO]: Mat_525 has made the advancement [Stone Age]
[17:08:32] [Server thread/INFO]: Mat_525 has made the advancement [Getting an Upgrade]
[17:10:51] [Server thread/INFO]: Mat_525 has made the advancement [Barrel Booty]
[17:10:56] [Server thread/INFO]: Mat_525 has made the advancement ['X' Marks the Spot]
[17:11:23] [Server thread/INFO]: Mat_525 has made the advancement [Crops of the Wild]
[17:11:47] [Server thread/INFO]: Mat_525 has made the advancement [Monster Hunter]
[17:12:14] [Server thread/INFO]: Mat_525 has made the advancement [Delightful Decade]
